[0402/103249.458:ERROR:crash_report_database_win.cc(428)] unexpected header
[0402/110208.539:ERROR:crash_report_database_win.cc(428)] unexpected header
[0402/110451.288:ERROR:crash_report_database_win.cc(428)] unexpected header
[0402/112213.865:ERROR:crash_report_database_win.cc(428)] unexpected header
[0402/112405.590:ERROR:crash_report_database_win.cc(428)] unexpected header
[0402/233539.895:ERROR:process_memory_win.cc(73)] ReadMemory at 0x7ff9f4067000 of 56 bytes failed: Запрос ReadProcessMemory или WriteProcessMemory был выполнен только частично. (0x12B)
[0402/233540.033:WARNING:pe_image_reader.cc(113)] could not read crashpad info from C:\Program Files (x86)\Google\Chrome\Application\73.0.3683.86\chrome_child.dll
[0402/233540.033:ERROR:process_memory_win.cc(73)] ReadMemory at 0x7ff9ee720000 of 64 bytes failed: Запрос ReadProcessMemory или WriteProcessMemory был выполнен только частично. (0x12B)
[0402/233540.033:WARNING:pe_image_reader.cc(340)] could not read dos header from C:\Program Files (x86)\Google\Chrome\Application\73.0.3683.86\chrome_child.dll
[0402/233540.033:ERROR:process_memory_win.cc(73)] ReadMemory at 0x7ffa332d0000 of 64 bytes failed: Запрос ReadProcessMemory или WriteProcessMemory был выполнен только частично. (0x12B)
[0402/233540.033:WARNING:pe_image_reader.cc(340)] could not read dos header from C:\Windows\system32\WS2_32.dll
[0402/233540.033:ERROR:process_memory_win.cc(73)] ReadMemory at 0x7ffa332d0000 of 64 bytes failed: Запрос ReadProcessMemory или WriteProcessMemory был выполнен только частично. (0x12B)
[0402/233540.033:WARNING:pe_image_reader.cc(340)] could not read dos header from C:\Windows\system32\WS2_32.dll
[0402/233540.033:ERROR:process_memory_win.cc(73)] ReadMemory at 0x7ffa2be10000 of 64 bytes failed: Запрос ReadProcessMemory или WriteProcessMemory был выполнен только частично. (0x12B)
[0402/233540.034:WARNING:pe_image_reader.cc(340)] could not read dos header from C:\Windows\SYSTEM32\IPHLPAPI.DLL
[0402/233540.034:ERROR:process_memory_win.cc(73)] ReadMemory at 0x7ffa2be10000 of 64 bytes failed: Запрос ReadProcessMemory или WriteProcessMemory был выполнен только частично. (0x12B)
[0402/233540.034:WARNING:pe_image_reader.cc(340)] could not read dos header from C:\Windows\SYSTEM32\IPHLPAPI.DLL
[0402/233540.034:ERROR:process_memory_win.cc(73)] ReadMemory at 0x7ffa32de0000 of 64 bytes failed: Запрос ReadProcessMemory или WriteProcessMemory был выполнен только частично. (0x12B)
[0402/233540.034:WARNING:pe_image_reader.cc(340)] could not read dos header from C:\Windows\system32\ole32.dll
[0402/233540.034:ERROR:process_memory_win.cc(73)] ReadMemory at 0x7ffa32de0000 of 64 bytes failed: Запрос ReadProcessMemory или WriteProcessMemory был выполнен только частично. (0x12B)
[0402/233540.034:WARNING:pe_image_reader.cc(340)] could not read dos header from C:\Windows\system32\ole32.dll
[0402/233540.034:ERROR:process_memory_win.cc(73)] ReadMemory at 0x7ffa33800000 of 64 bytes failed: Запрос ReadProcessMemory или WriteProcessMemory был выполнен только частично. (0x12B)
[0402/233540.034:WARNING:pe_image_reader.cc(340)] could not read dos header from C:\Windows\system32\OLEAUT32.dll
[0402/233540.034:ERROR:process_memory_win.cc(73)] ReadMemory at 0x7ffa33800000 of 64 bytes failed: Запрос ReadProcessMemory или WriteProcessMemory был выполнен только частично. (0x12B)
[0402/233540.034:WARNING:pe_image_reader.cc(340)] could not read dos header from C:\Windows\system32\OLEAUT32.dll
[0402/233540.034:ERROR:process_memory_win.cc(73)] ReadMemory at 0x7ffa0d300000 of 64 bytes failed: Запрос ReadProcessMemory или WriteProcessMemory был выполнен только частично. (0x12B)
[0402/233540.034:WARNING:pe_image_reader.cc(340)] could not read dos header from C:\Windows\SYSTEM32\OLEACC.dll
[0402/233540.034:ERROR:process_memory_win.cc(73)] ReadMemory at 0x7ffa0d300000 of 64 bytes failed: Запрос ReadProcessMemory или WriteProcessMemory был выполнен только частично. (0x12B)
[0402/233540.034:WARNING:pe_image_reader.cc(340)] could not read dos header from C:\Windows\SYSTEM32\OLEACC.dll
[0402/233540.034:ERROR:process_memory_win.cc(73)] ReadMemory at 0x7ffa31380000 of 64 bytes failed: Запрос ReadProcessMemory или WriteProcessMemory был выполнен только частично. (0x12B)
[0402/233540.035:WARNING:pe_image_reader.cc(340)] could not read dos header from C:\Windows\system32\WINTRUST.dll
[0402/233540.035:ERROR:process_memory_win.cc(73)] ReadMemory at 0x7ffa31380000 of 64 bytes failed: Запрос ReadProcessMemory или WriteProcessMemory был выполнен только частично. (0x12B)
[0402/233540.035:WARNING:pe_image_reader.cc(340)] could not read dos header from C:\Windows\system32\WINTRUST.dll
[0402/233540.035:ERROR:process_memory_win.cc(73)] ReadMemory at 0x7ffa311a0000 of 64 bytes failed: Запрос ReadProcessMemory или WriteProcessMemory был выполнен только частично. (0x12B)
[0402/233540.035:WARNING:pe_image_reader.cc(340)] could not read dos header from C:\Windows\system32\CRYPT32.dll
[0402/233540.035:ERROR:process_memory_win.cc(73)] ReadMemory at 0x7ffa311a0000 of 64 bytes failed: Запрос ReadProcessMemory или WriteProcessMemory был выполнен только частично. (0x12B)
[0402/233540.035:WARNING:pe_image_reader.cc(340)] could not read dos header from C:\Windows\system32\CRYPT32.dll
[0402/233540.035:ERROR:process_memory_win.cc(73)] ReadMemory at 0x7ffa09b50000 of 64 bytes failed: Запрос ReadProcessMemory или WriteProcessMemory был выполнен только частично. (0x12B)
[0402/233540.035:WARNING:pe_image_reader.cc(340)] could not read dos header from C:\Windows\SYSTEM32\DWrite.dll
[0402/233540.035:ERROR:process_memory_win.cc(73)] ReadMemory at 0x7ffa09b50000 of 64 bytes failed: Запрос ReadProcessMemory или WriteProcessMemory был выполнен только частично. (0x12B)
[0402/233540.035:WARNING:pe_image_reader.cc(340)] could not read dos header from C:\Windows\SYSTEM32\DWrite.dll
[0402/233540.035:ERROR:process_memory_win.cc(73)] ReadMemory at 0x7ffa2e790000 of 64 bytes failed: Запрос ReadProcessMemory или WriteProcessMemory был выполнен только частично. (0x12B)
[0402/233540.035:WARNING:pe_image_reader.cc(340)] could not read dos header from C:\Windows\SYSTEM32\dxgi.dll
[0402/233540.035:ERROR:process_memory_win.cc(73)] ReadMemory at 0x7ffa2e790000 of 64 bytes failed: Запрос ReadProcessMemory или WriteProcessMemory был выполнен только частично. (0x12B)
[0402/233540.035:WARNING:pe_image_reader.cc(340)] could not read dos header from C:\Windows\SYSTEM32\dxgi.dll
[0402/233540.035:ERROR:process_memory_win.cc(73)] ReadMemory at 0x7ffa2ddf0000 of 64 bytes failed: Запрос ReadProcessMemory или WriteProcessMemory был выполнен только частично. (0x12B)
[0402/233540.035:WARNING:pe_image_reader.cc(340)] could not read dos header from C:\Windows\SYSTEM32\WINSPOOL.DRV
[0402/233540.035:ERROR:process_memory_win.cc(73)] ReadMemory at 0x7ffa2ddf0000 of 64 bytes failed: Запрос ReadProcessMemory или WriteProcessMemory был выполнен только частично. (0x12B)
[0402/233540.036:WARNING:pe_image_reader.cc(340)] could not read dos header from C:\Windows\SYSTEM32\WINSPOOL.DRV
[0402/233540.036:ERROR:process_memory_win.cc(73)] ReadMemory at 0x7ffa2e140000 of 64 bytes failed: Запрос ReadProcessMemory или WriteProcessMemory был выполнен только частично. (0x12B)
[0402/233540.036:WARNING:pe_image_reader.cc(340)] could not read dos header from C:\Windows\SYSTEM32\dbghelp.dll
[0402/233540.036:ERROR:process_memory_win.cc(73)] ReadMemory at 0x7ffa2e140000 of 64 bytes failed: Запрос ReadProcessMemory или WriteProcessMemory был выполнен только частично. (0x12B)
[0402/233540.036:WARNING:pe_image_reader.cc(340)] could not read dos header from C:\Windows\SYSTEM32\dbghelp.dll
[0402/233540.036:ERROR:process_memory_win.cc(73)] ReadMemory at 0x7ffa015c0000 of 64 bytes failed: Запрос ReadProcessMemory или WriteProcessMemory был выполнен только частично. (0x12B)
[0402/233540.036:WARNING:pe_image_reader.cc(340)] could not read dos header from C:\Windows\SYSTEM32\USP10.dll
[0402/233540.036:ERROR:process_memory_win.cc(73)] ReadMemory at 0x7ffa015c0000 of 64 bytes failed: Запрос ReadProcessMemory или WriteProcessMemory был выполнен только частично. (0x12B)
[0402/233540.036:WARNING:pe_image_reader.cc(340)] could not read dos header from C:\Windows\SYSTEM32\USP10.dll
[0402/233540.036:ERROR:process_memory_win.cc(73)] ReadMemory at 0x7ffa33030000 of 64 bytes failed: Запрос ReadProcessMemory или WriteProcessMemory был выполнен только частично. (0x12B)
[0402/233540.036:WARNING:pe_image_reader.cc(340)] could not read dos header from C:\Windows\system32\COMDLG32.dll
[0402/233540.036:ERROR:process_memory_win.cc(73)] ReadMemory at 0x7ffa33030000 of 64 bytes failed: Запрос ReadProcessMemory или WriteProcessMemory был выполнен только частично. (0x12B)
[0402/233540.036:WARNING:pe_image_reader.cc(340)] could not read dos header from C:\Windows\system32\COMDLG32.dll
[0402/233540.036:ERROR:process_memory_win.cc(73)] ReadMemory at 0x7ffa1ac60000 of 64 bytes failed: Запрос ReadProcessMemory или WriteProcessMemory был выполнен только частично. (0x12B)
[0402/233540.036:WARNING:pe_image_reader.cc(340)] could not read dos header from C:\Windows\SYSTEM32\WINHTTP.dll
[0402/233540.036:ERROR:process_memory_win.cc(73)] ReadMemory at 0x7ffa1ac60000 of 64 bytes failed: Запрос ReadProcessMemory или WriteProcessMemory был выполнен только частично. (0x12B)
[0402/233540.036:WARNING:pe_image_reader.cc(340)] could not read dos header from C:\Windows\SYSTEM32\WINHTTP.dll
[0402/233540.037:ERROR:process_memory_win.cc(73)] ReadMemory at 0x7ffa1f860000 of 64 bytes failed: Запрос ReadProcessMemory или WriteProcessMemory был выполнен только частично. (0x12B)
[0402/233540.037:WARNING:pe_image_reader.cc(340)] could not read dos header from C:\Windows\SYSTEM32\urlmon.dll
[0402/233540.037:ERROR:process_memory_win.cc(73)] ReadMemory at 0x7ffa1f860000 of 64 bytes failed: Запрос ReadProcessMemory или WriteProcessMemory был выполнен только частично. (0x12B)
[0402/233540.037:WARNING:pe_image_reader.cc(340)] could not read dos header from C:\Windows\SYSTEM32\urlmon.dll
[0402/233540.037:ERROR:process_memory_win.cc(73)] ReadMemory at 0x7ffa2e520000 of 64 bytes failed: Запрос ReadProcessMemory или WriteProcessMemory был выполнен только частично. (0x12B)
[0402/233540.037:WARNING:pe_image_reader.cc(340)] could not read dos header from C:\Windows\SYSTEM32\Secur32.dll
[0402/233540.037:ERROR:process_memory_win.cc(73)] ReadMemory at 0x7ffa2e520000 of 64 bytes failed: Запрос ReadProcessMemory или WriteProcessMemory был выполнен только частично. (0x12B)
[0402/233540.037:WARNING:pe_image_reader.cc(340)] could not read dos header from C:\Windows\SYSTEM32\Secur32.dll
[0402/233540.037:ERROR:process_memory_win.cc(73)] ReadMemory at 0x7ffa20790000 of 64 bytes failed: Запрос ReadProcessMemory или WriteProcessMemory был выполнен только частично. (0x12B)
[0402/233540.037:WARNING:pe_image_reader.cc(340)] could not read dos header from C:\Windows\SYSTEM32\dhcpcsvc.DLL
[0402/233540.037:ERROR:process_memory_win.cc(73)] ReadMemory at 0x7ffa20790000 of 64 bytes failed: Запрос ReadProcessMemory или WriteProcessMemory был выполнен только частично. (0x12B)
[0402/233540.037:WARNING:pe_image_reader.cc(340)] could not read dos header from C:\Windows\SYSTEM32\dhcpcsvc.DLL
[0402/233540.037:ERROR:process_memory_win.cc(73)] ReadMemory at 0x7ffa32950000 of 64 bytes failed: Запрос ReadProcessMemory или WriteProcessMemory был выполнен только частично. (0x12B)
[0402/233540.037:WARNING:pe_image_reader.cc(340)] could not read dos header from C:\Windows\system32\NSI.dll
[0402/233540.037:ERROR:process_memory_win.cc(73)] ReadMemory at 0x7ffa32950000 of 64 bytes failed: Запрос ReadProcessMemory или WriteProcessMemory был выполнен только частично. (0x12B)
[0402/233540.037:WARNING:pe_image_reader.cc(340)] could not read dos header from C:\Windows\system32\NSI.dll
[0402/233540.037:ERROR:process_memory_win.cc(73)] ReadMemory at 0x7ffa2e560000 of 64 bytes failed: Запрос ReadProcessMemory или WriteProcessMemory был выполнен только частично. (0x12B)
[0402/233540.037:WARNING:pe_image_reader.cc(340)] could not read dos header from C:\Windows\SYSTEM32\WINNSI.DLL
[0402/233540.038:ERROR:process_memory_win.cc(73)] ReadMemory at 0x7ffa2e560000 of 64 bytes failed: Запрос ReadProcessMemory или WriteProcessMemory был выполнен только частично. (0x12B)
[0402/233540.038:WARNING:pe_image_reader.cc(340)] could not read dos header from C:\Windows\SYSTEM32\WINNSI.DLL
[0402/233540.038:ERROR:process_memory_win.cc(73)] ReadMemory at 0x7ffa30f60000 of 64 bytes failed: Запрос ReadProcessMemory или WriteProcessMemory был выполнен только частично. (0x12B)
[0402/233540.038:WARNING:pe_image_reader.cc(340)] could not read dos header from C:\Windows\system32\MSASN1.dll
[0402/233540.038:ERROR:process_memory_win.cc(73)] ReadMemory at 0x7ffa30f60000 of 64 bytes failed: Запрос ReadProcessMemory или WriteProcessMemory был выполнен только частично. (0x12B)
[0402/233540.038:WARNING:pe_image_reader.cc(340)] could not read dos header from C:\Windows\system32\MSASN1.dll
[0402/233540.038:ERROR:process_memory_win.cc(73)] ReadMemory at 0x7ffa2ec60000 of 64 bytes failed: Запрос ReadProcessMemory или WriteProcessMemory был выполнен только частично. (0x12B)
[0402/233540.038:WARNING:pe_image_reader.cc(340)] could not read dos header from C:\Windows\WinSxS\amd64_microsoft.windows.common-controls_6595b64144ccf1df_6.0.9600.17415_none_6240486fecbd8abb\COMCTL32.dll
[0402/233540.038:ERROR:process_memory_win.cc(73)] ReadMemory at 0x7ffa2ec60000 of 64 bytes failed: Запрос ReadProcessMemory или WriteProcessMemory был выполнен только частично. (0x12B)
[0402/233540.038:WARNING:pe_image_reader.cc(340)] could not read dos header from C:\Windows\WinSxS\amd64_microsoft.windows.common-controls_6595b64144ccf1df_6.0.9600.17415_none_6240486fecbd8abb\COMCTL32.dll
[0402/233540.038:ERROR:process_memory_win.cc(73)] ReadMemory at 0x7ffa1f590000 of 64 bytes failed: Запрос ReadProcessMemory или WriteProcessMemory был выполнен только частично. (0x12B)
[0402/233540.038:WARNING:pe_image_reader.cc(340)] could not read dos header from C:\Windows\SYSTEM32\iertutil.dll
[0402/233540.038:ERROR:process_memory_win.cc(73)] ReadMemory at 0x7ffa1f590000 of 64 bytes failed: Запрос ReadProcessMemory или WriteProcessMemory был выполнен только частично. (0x12B)
[0402/233540.038:WARNING:pe_image_reader.cc(340)] could not read dos header from C:\Windows\SYSTEM32\iertutil.dll
[0402/233540.038:ERROR:process_memory_win.cc(73)] ReadMemory at 0x7ffa1f340000 of 64 bytes failed: Запрос ReadProcessMemory или WriteProcessMemory был выполнен только частично. (0x12B)
[0402/233540.038:WARNING:pe_image_reader.cc(340)] could not read dos header from C:\Windows\SYSTEM32\WININET.dll
[0402/233540.039:ERROR:process_memory_win.cc(73)] ReadMemory at 0x7ffa1f340000 of 64 bytes failed: Запрос ReadProcessMemory или WriteProcessMemory был выполнен только частично. (0x12B)
[0402/233540.039:WARNING:pe_image_reader.cc(340)] could not read dos header from C:\Windows\SYSTEM32\WININET.dll
[0402/233540.039:ERROR:process_memory_win.cc(73)] ReadMemory at 0x7ffa30d50000 of 64 bytes failed: Запрос ReadProcessMemory или WriteProcessMemory был выполнен только частично. (0x12B)
[0402/233540.039:WARNING:pe_image_reader.cc(340)] could not read dos header from C:\Windows\SYSTEM32\SSPICLI.DLL
[0402/233540.039:ERROR:process_memory_win.cc(73)] ReadMemory at 0x7ffa30d50000 of 64 bytes failed: Запрос ReadProcessMemory или WriteProcessMemory был выполнен только частично. (0x12B)
[0402/233540.039:WARNING:pe_image_reader.cc(340)] could not read dos header from C:\Windows\SYSTEM32\SSPICLI.DLL
[0402/233542.278:ERROR:process_memory_win.cc(73)] ReadMemory at 0x7ff644930000 of 64 bytes failed: Запрос ReadProcessMemory или WriteProcessMemory был выполнен только частично. (0x12B)
[0402/233542.278:WARNING:pe_image_reader.cc(340)] could not read dos header from C:\Program Files (x86)\Google\Chrome\Application\chrome.exe
[0402/233542.278:ERROR:process_memory_win.cc(73)] ReadMemory at 0x7ffa33d60000 of 64 bytes failed: Запрос ReadProcessMemory или WriteProcessMemory был выполнен только частично. (0x12B)
[0402/233542.278:WARNING:pe_image_reader.cc(340)] could not read dos header from C:\Windows\SYSTEM32\ntdll.dll
[0402/233542.278:ERROR:process_memory_win.cc(73)] ReadMemory at 0x7ffa33490000 of 64 bytes failed: Запрос ReadProcessMemory или WriteProcessMemory был выполнен только частично. (0x12B)
[0402/233542.278:WARNING:pe_image_reader.cc(340)] could not read dos header from C:\Windows\system32\KERNEL32.DLL
[0402/233542.278:ERROR:process_memory_win.cc(73)] ReadMemory at 0x7ffa30f80000 of 64 bytes failed: Запрос ReadProcessMemory или WriteProcessMemory был выполнен только частично. (0x12B)
[0402/233542.278:WARNING:pe_image_reader.cc(340)] could not read dos header from C:\Windows\system32\KERNELBASE.dll
[0402/233542.279:ERROR:process_memory_win.cc(73)] ReadMemory at 0x7ff9fa350000 of 64 bytes failed: Запрос ReadProcessMemory или WriteProcessMemory был выполнен только частично. (0x12B)
[0402/233542.279:WARNING:pe_image_reader.cc(340)] could not read dos header from C:\Program Files (x86)\Google\Chrome\Application\73.0.3683.86\chrome_elf.dll
[0402/233542.279:ERROR:process_memory_win.cc(73)] ReadMemory at 0x7ffa31430000 of 64 bytes failed: Запрос ReadProcessMemory или WriteProcessMemory был выполнен только частично. (0x12B)
[0402/233542.279:WARNING:pe_image_reader.cc(340)] could not read dos header from C:\Windows\system32\SHELL32.dll
[0402/233542.279:ERROR:process_memory_win.cc(73)] ReadMemory at 0x7ffa32b80000 of 64 bytes failed: Запрос ReadProcessMemory или WriteProcessMemory был выполнен только частично. (0x12B)
[0402/233542.279:WARNING:pe_image_reader.cc(340)] could not read dos header from C:\Windows\system32\ADVAPI32.dll
[0402/233542.279:ERROR:process_memory_win.cc(73)] ReadMemory at 0x7ffa33990000 of 64 bytes failed: Запрос ReadProcessMemory или WriteProcessMemory был выполнен только частично. (0x12B)
[0402/233542.279:WARNING:pe_image_reader.cc(340)] could not read dos header from C:\Windows\system32\USER32.dll
[0402/233542.279:ERROR:process_memory_win.cc(73)] ReadMemory at 0x7ffa2e550000 of 64 bytes failed: Запрос ReadProcessMemory или WriteProcessMemory был выполнен только частично. (0x12B)
[0402/233542.279:WARNING:pe_image_reader.cc(340)] could not read dos header from C:\Windows\SYSTEM32\VERSION.dll
[0402/233542.279:ERROR:process_memory_win.cc(73)] ReadMemory at 0x7ffa338d0000 of 64 bytes failed: Запрос ReadProcessMemory или WriteProcessMemory был выполнен только частично. (0x12B)
[0402/233542.279:WARNING:pe_image_reader.cc(340)] could not read dos header from C:\Windows\system32\SHLWAPI.dll
[0402/233542.279:ERROR:process_memory_win.cc(73)] ReadMemory at 0x7ffa11980000 of 64 bytes failed: Запрос ReadProcessMemory или WriteProcessMemory был выполнен только частично. (0x12B)
[0402/233542.279:WARNING:pe_image_reader.cc(340)] could not read dos header from C:\Windows\SYSTEM32\WINMM.dll
[0402/233542.279:ERROR:process_memory_win.cc(73)] ReadMemory at 0x7ffa30420000 of 64 bytes failed: Запрос ReadProcessMemory или WriteProcessMemory был выполнен только частично. (0x12B)
[0402/233542.279:WARNING:pe_image_reader.cc(340)] could not read dos header from C:\Windows\SYSTEM32\USERENV.dll
[0402/233542.279:ERROR:process_memory_win.cc(73)] ReadMemory at 0x7ffa32f80000 of 64 bytes failed: Запрос ReadProcessMemory или WriteProcessMemory был выполнен только частично. (0x12B)
[0402/233542.279:WARNING:pe_image_reader.cc(340)] could not read dos header from C:\Windows\system32\msvcrt.dll
[0402/233542.279:ERROR:process_memory_win.cc(73)] ReadMemory at 0x7ffa32960000 of 64 bytes failed: Запрос ReadProcessMemory или WriteProcessMemory был выполнен только частично. (0x12B)
[0402/233542.279:WARNING:pe_image_reader.cc(340)] could not read dos header from C:\Windows\SYSTEM32\combase.dll
[0402/233542.279:ERROR:process_memory_win.cc(73)] ReadMemory at 0x7ffa33160000 of 64 bytes failed: Запрос ReadProcessMemory или WriteProcessMemory был выполнен только частично. (0x12B)
[0402/233542.280:WARNING:pe_image_reader.cc(340)] could not read dos header from C:\Windows\system32\GDI32.dll
[0402/233542.280:ERROR:process_memory_win.cc(73)] ReadMemory at 0x7ffa33930000 of 64 bytes failed: Запрос ReadProcessMemory или WriteProcessMemory был выполнен только частично. (0x12B)
[0402/233542.280:WARNING:pe_image_reader.cc(340)] could not read dos header from C:\Windows\SYSTEM32\sechost.dll
[0402/233542.280:ERROR:process_memory_win.cc(73)] ReadMemory at 0x7ffa335f0000 of 64 bytes failed: Запрос ReadProcessMemory или WriteProcessMemory был выполнен только частично. (0x12B)
[0402/233542.280:WARNING:pe_image_reader.cc(340)] could not read dos header from C:\Windows\system32\RPCRT4.dll
[0402/233542.280:ERROR:process_memory_win.cc(73)] ReadMemory at 0x7ffa11900000 of 64 bytes failed: Запрос ReadProcessMemory или WriteProcessMemory был выполнен только частично. (0x12B)
[0402/233542.280:WARNING:pe_image_reader.cc(340)] could not read dos header from C:\Windows\SYSTEM32\WINMMBASE.dll
[0402/233542.280:ERROR:process_memory_win.cc(73)] ReadMemory at 0x7ffa30eb0000 of 64 bytes failed: Запрос ReadProcessMemory или WriteProcessMemory был выполнен только частично. (0x12B)
[0402/233542.280:WARNING:pe_image_reader.cc(340)] could not read dos header from C:\Windows\SYSTEM32\profapi.dll
[0402/233542.280:ERROR:process_memory_win.cc(73)] ReadMemory at 0x7ffa310a0000 of 64 bytes failed: Запрос ReadProcessMemory или WriteProcessMemory был выполнен только частично. (0x12B)
[0402/233542.280:WARNING:pe_image_reader.cc(340)] could not read dos header from C:\Windows\SYSTEM32\cfgmgr32.dll
[0402/233542.280:ERROR:process_memory_win.cc(73)] ReadMemory at 0x7ffa2fc40000 of 64 bytes failed: Запрос ReadProcessMemory или WriteProcessMemory был выполнен только частично. (0x12B)
[0402/233542.280:WARNING:pe_image_reader.cc(340)] could not read dos header from C:\Windows\SYSTEM32\DEVOBJ.dll
[0402/233542.280:ERROR:process_memory_win.cc(73)] ReadMemory at 0x7ffa30df0000 of 64 bytes failed: Запрос ReadProcessMemory или WriteProcessMemory был выполнен только частично. (0x12B)
[0402/233542.280:WARNING:pe_image_reader.cc(340)] could not read dos header from C:\Windows\SYSTEM32\CRYPTBASE.DLL
[0402/233542.280:ERROR:process_memory_win.cc(73)] ReadMemory at 0x7ffa30d80000 of 64 bytes failed: Запрос ReadProcessMemory или WriteProcessMemory был выполнен только частично. (0x12B)
[0402/233542.280:WARNING:pe_image_reader.cc(340)] could not read dos header from C:\Windows\SYSTEM32\bcryptPrimitives.dll
[0402/233542.280:ERROR:process_memory_win.cc(73)] ReadMemory at 0x7ffa313f0000 of 64 bytes failed: Запрос ReadProcessMemory или WriteProcessMemory был выполнен только частично. (0x12B)
[0402/233542.280:WARNING:pe_image_reader.cc(340)] could not read dos header from C:\Windows\system32\IMM32.DLL
[0402/233542.280:ERROR:process_memory_win.cc(73)] ReadMemory at 0x7ffa33330000 of 64 bytes failed: Запрос ReadProcessMemory или WriteProcessMemory был выполнен только частично. (0x12B)
[0402/233542.280:WARNING:pe_image_reader.cc(340)] could not read dos header from C:\Windows\system32\MSCTF.dll
[0402/233542.280:ERROR:process_memory_win.cc(73)] ReadMemory at 0x7ffa2f2d0000 of 64 bytes failed: Запрос ReadProcessMemory или WriteProcessMemory был выполнен только частично. (0x12B)
[0402/233542.280:WARNING:pe_image_reader.cc(340)] could not read dos header from C:\Windows\SYSTEM32\shcore.dll
[0402/233542.280:ERROR:process_memory_win.cc(73)] ReadMemory at 0x7ff9ee720000 of 64 bytes failed: Запрос ReadProcessMemory или WriteProcessMemory был выполнен только частично. (0x12B)
[0402/233542.280:WARNING:pe_image_reader.cc(340)] could not read dos header from C:\Program Files (x86)\Google\Chrome\Application\73.0.3683.86\chrome_child.dll
[0402/233542.281:ERROR:process_memory_win.cc(73)] ReadMemory at 0x7ffa332d0000 of 64 bytes failed: Запрос ReadProcessMemory или WriteProcessMemory был выполнен только частично. (0x12B)
[0402/233542.281:WARNING:pe_image_reader.cc(340)] could not read dos header from C:\Windows\system32\WS2_32.dll
[0402/233542.281:ERROR:process_memory_win.cc(73)] ReadMemory at 0x7ffa2be10000 of 64 bytes failed: Запрос ReadProcessMemory или WriteProcessMemory был выполнен только частично. (0x12B)
[0402/233542.281:WARNING:pe_image_reader.cc(340)] could not read dos header from C:\Windows\SYSTEM32\IPHLPAPI.DLL
[0402/233542.281:ERROR:process_memory_win.cc(73)] ReadMemory at 0x7ffa32de0000 of 64 bytes failed: Запрос ReadProcessMemory или WriteProcessMemory был выполнен только частично. (0x12B)
[0402/233542.281:WARNING:pe_image_reader.cc(340)] could not read dos header from C:\Windows\system32\ole32.dll
[0402/233542.281:ERROR:process_memory_win.cc(73)] ReadMemory at 0x7ffa33800000 of 64 bytes failed: Запрос ReadProcessMemory или WriteProcessMemory был выполнен только частично. (0x12B)
[0402/233542.281:WARNING:pe_image_reader.cc(340)] could not read dos header from C:\Windows\system32\OLEAUT32.dll
[0402/233542.281:ERROR:process_memory_win.cc(73)] ReadMemory at 0x7ffa0d300000 of 64 bytes failed: Запрос ReadProcessMemory или WriteProcessMemory был выполнен только частично. (0x12B)
[0402/233542.281:WARNING:pe_image_reader.cc(340)] could not read dos header from C:\Windows\SYSTEM32\OLEACC.dll
[0402/233542.281:ERROR:process_memory_win.cc(73)] ReadMemory at 0x7ffa31380000 of 64 bytes failed: Запрос ReadProcessMemory или WriteProcessMemory был выполнен только частично. (0x12B)
[0402/233542.281:WARNING:pe_image_reader.cc(340)] could not read dos header from C:\Windows\system32\WINTRUST.dll
[0402/233542.281:ERROR:process_memory_win.cc(73)] ReadMemory at 0x7ffa311a0000 of 64 bytes failed: Запрос ReadProcessMemory или WriteProcessMemory был выполнен только частично. (0x12B)
[0402/233542.281:WARNING:pe_image_reader.cc(340)] could not read dos header from C:\Windows\system32\CRYPT32.dll
[0402/233542.281:ERROR:process_memory_win.cc(73)] ReadMemory at 0x7ffa09b50000 of 64 bytes failed: Запрос ReadProcessMemory или WriteProcessMemory был выполнен только частично. (0x12B)
[0402/233542.281:WARNING:pe_image_reader.cc(340)] could not read dos header from C:\Windows\SYSTEM32\DWrite.dll
[0402/233542.281:ERROR:process_memory_win.cc(73)] ReadMemory at 0x7ffa2e790000 of 64 bytes failed: Запрос ReadProcessMemory или WriteProcessMemory был выполнен только частично. (0x12B)
[0402/233542.281:WARNING:pe_image_reader.cc(340)] could not read dos header from C:\Windows\SYSTEM32\dxgi.dll
[0402/233542.281:ERROR:process_memory_win.cc(73)] ReadMemory at 0x7ffa2ddf0000 of 64 bytes failed: Запрос ReadProcessMemory или WriteProcessMemory был выполнен только частично. (0x12B)
[0402/233542.281:WARNING:pe_image_reader.cc(340)] could not read dos header from C:\Windows\SYSTEM32\WINSPOOL.DRV
[0402/233542.281:ERROR:process_memory_win.cc(73)] ReadMemory at 0x7ffa2e140000 of 64 bytes failed: Запрос ReadProcessMemory или WriteProcessMemory был выполнен только частично. (0x12B)
[0402/233542.281:WARNING:pe_image_reader.cc(340)] could not read dos header from C:\Windows\SYSTEM32\dbghelp.dll
[0402/233542.282:ERROR:process_memory_win.cc(73)] ReadMemory at 0x7ffa015c0000 of 64 bytes failed: Запрос ReadProcessMemory или WriteProcessMemory был выполнен только частично. (0x12B)
[0402/233542.282:WARNING:pe_image_reader.cc(340)] could not read dos header from C:\Windows\SYSTEM32\USP10.dll
[0402/233542.282:ERROR:process_memory_win.cc(73)] ReadMemory at 0x7ffa33030000 of 64 bytes failed: Запрос ReadProcessMemory или WriteProcessMemory был выполнен только частично. (0x12B)
[0402/233542.282:WARNING:pe_image_reader.cc(340)] could not read dos header from C:\Windows\system32\COMDLG32.dll
[0402/233542.282:ERROR:process_memory_win.cc(73)] ReadMemory at 0x7ffa1ac60000 of 64 bytes failed: Запрос ReadProcessMemory или WriteProcessMemory был выполнен только частично. (0x12B)
[0402/233542.282:WARNING:pe_image_reader.cc(340)] could not read dos header from C:\Windows\SYSTEM32\WINHTTP.dll
[0402/233542.282:ERROR:process_memory_win.cc(73)] ReadMemory at 0x7ffa1f860000 of 64 bytes failed: Запрос ReadProcessMemory или WriteProcessMemory был выполнен только частично. (0x12B)
[0402/233542.282:WARNING:pe_image_reader.cc(340)] could not read dos header from C:\Windows\SYSTEM32\urlmon.dll
[0402/233542.282:ERROR:process_memory_win.cc(73)] ReadMemory at 0x7ffa2e520000 of 64 bytes failed: Запрос ReadProcessMemory или WriteProcessMemory был выполнен только частично. (0x12B)
[0402/233542.282:WARNING:pe_image_reader.cc(340)] could not read dos header from C:\Windows\SYSTEM32\Secur32.dll
[0402/233542.282:ERROR:process_memory_win.cc(73)] ReadMemory at 0x7ffa20790000 of 64 bytes failed: Запрос ReadProcessMemory или WriteProcessMemory был выполнен только частично. (0x12B)
[0402/233542.282:WARNING:pe_image_reader.cc(340)] could not read dos header from C:\Windows\SYSTEM32\dhcpcsvc.DLL
[0402/233542.282:ERROR:process_memory_win.cc(73)] ReadMemory at 0x7ffa32950000 of 64 bytes failed: Запрос ReadProcessMemory или WriteProcessMemory был выполнен только частично. (0x12B)
[0402/233542.282:WARNING:pe_image_reader.cc(340)] could not read dos header from C:\Windows\system32\NSI.dll
[0402/233542.282:ERROR:process_memory_win.cc(73)] ReadMemory at 0x7ffa2e560000 of 64 bytes failed: Запрос ReadProcessMemory или WriteProcessMemory был выполнен только частично. (0x12B)
[0402/233542.282:WARNING:pe_image_reader.cc(340)] could not read dos header from C:\Windows\SYSTEM32\WINNSI.DLL
[0402/233542.282:ERROR:process_memory_win.cc(73)] ReadMemory at 0x7ffa30f60000 of 64 bytes failed: Запрос ReadProcessMemory или WriteProcessMemory был выполнен только частично. (0x12B)
[0402/233542.282:WARNING:pe_image_reader.cc(340)] could not read dos header from C:\Windows\system32\MSASN1.dll
[0402/233542.282:ERROR:process_memory_win.cc(73)] ReadMemory at 0x7ffa2ec60000 of 64 bytes failed: Запрос ReadProcessMemory или WriteProcessMemory был выполнен только частично. (0x12B)
[0402/233542.283:WARNING:pe_image_reader.cc(340)] could not read dos header from C:\Windows\WinSxS\amd64_microsoft.windows.common-controls_6595b64144ccf1df_6.0.9600.17415_none_6240486fecbd8abb\COMCTL32.dll
[0402/233542.283:ERROR:process_memory_win.cc(73)] ReadMemory at 0x7ffa1f590000 of 64 bytes failed: Запрос ReadProcessMemory или WriteProcessMemory был выполнен только частично. (0x12B)
[0402/233542.283:WARNING:pe_image_reader.cc(340)] could not read dos header from C:\Windows\SYSTEM32\iertutil.dll
[0402/233542.283:ERROR:process_memory_win.cc(73)] ReadMemory at 0x7ffa1f340000 of 64 bytes failed: Запрос ReadProcessMemory или WriteProcessMemory был выполнен только частично. (0x12B)
[0402/233542.283:WARNING:pe_image_reader.cc(340)] could not read dos header from C:\Windows\SYSTEM32\WININET.dll
[0402/233542.283:ERROR:process_memory_win.cc(73)] ReadMemory at 0x7ffa30d50000 of 64 bytes failed: Запрос ReadProcessMemory или WriteProcessMemory был выполнен только частично. (0x12B)
[0402/233542.283:WARNING:pe_image_reader.cc(340)] could not read dos header from C:\Windows\SYSTEM32\SSPICLI.DLL
[0402/233542.584:ERROR:process_memory_win.cc(73)] ReadMemory at 0x4e1e9b3000 of 53248 bytes failed: Запрос ReadProcessMemory или WriteProcessMemory был выполнен только частично. (0x12B)
[0402/233542.609:ERROR:process_memory_win.cc(73)] ReadMemory at 0x4e20ffe000 of 8192 bytes failed: Запрос ReadProcessMemory или WriteProcessMemory был выполнен только частично. (0x12B)
[0402/233542.610:ERROR:process_memory_win.cc(73)] ReadMemory at 0x4e213fe000 of 8192 bytes failed: Запрос ReadProcessMemory или WriteProcessMemory был выполнен только частично. (0x12B)
[0402/233542.611:ERROR:process_memory_win.cc(73)] ReadMemory at 0x4e215fd000 of 12288 bytes failed: Запрос ReadProcessMemory или WriteProcessMemory был выполнен только частично. (0x12B)
[0402/233542.611:ERROR:process_memory_win.cc(73)] ReadMemory at 0x4e217fe000 of 8192 bytes failed: Запрос ReadProcessMemory или WriteProcessMemory был выполнен только частично. (0x12B)
[0402/233542.611:ERROR:process_memory_win.cc(73)] ReadMemory at 0x4e219fd000 of 12288 bytes failed: Запрос ReadProcessMemory или WriteProcessMemory был выполнен только частично. (0x12B)
[0402/233542.611:ERROR:process_memory_win.cc(73)] ReadMemory at 0x4e21bfe000 of 8192 bytes failed: Запрос ReadProcessMemory или WriteProcessMemory был выполнен только частично. (0x12B)
[0402/233542.611:ERROR:process_memory_win.cc(73)] ReadMemory at 0x4e21dfd000 of 12288 bytes failed: Запрос ReadProcessMemory или WriteProcessMemory был выполнен только частично. (0x12B)
[0402/233542.611:ERROR:process_memory_win.cc(73)] ReadMemory at 0x4e221fc000 of 16384 bytes failed: Запрос ReadProcessMemory или WriteProcessMemory был выполнен только частично. (0x12B)
[0402/233542.611:ERROR:process_memory_win.cc(73)] ReadMemory at 0x4e223ea000 of 90112 bytes failed: Запрос ReadProcessMemory или WriteProcessMemory был выполнен только частично. (0x12B)
[0402/233542.612:ERROR:process_memory_win.cc(73)] ReadMemory at 0x4e225e9000 of 94208 bytes failed: Запрос ReadProcessMemory или WriteProcessMemory был выполнен только частично. (0x12B)
[0402/233542.612:ERROR:process_memory_win.cc(73)] ReadMemory at 0x4e235bd000 of 12288 bytes failed: Запрос ReadProcessMemory или WriteProcessMemory был выполнен только частично. (0x12B)
[0402/233542.612:ERROR:process_memory_win.cc(73)] ReadMemory at 0x4e23ecd000 of 12288 bytes failed: Запрос ReadProcessMemory или WriteProcessMemory был выполнен только частично. (0x12B)
[0402/233542.612:ERROR:process_memory_win.cc(73)] ReadMemory at 0x4e23abe000 of 8192 bytes failed: Запрос ReadProcessMemory или WriteProcessMemory был выполнен только частично. (0x12B)
[0402/233542.612:ERROR:process_memory_win.cc(73)] ReadMemory at 0x4e1ea80750 of 62 bytes failed: Запрос ReadProcessMemory или WriteProcessMemory был выполнен только частично. (0x12B)
[0402/233542.612:ERROR:process_memory_win.cc(73)] ReadMemory at 0x4e1ea807d0 of 58 bytes failed: Запрос ReadProcessMemory или WriteProcessMemory был выполнен только частично. (0x12B)
[0402/233542.612:ERROR:process_memory_win.cc(73)] ReadMemory at 0x4e1ea80860 of 6578 bytes failed: Запрос ReadProcessMemory или WriteProcessMemory был выполнен только частично. (0x12B)
[0402/233542.612:ERROR:process_memory_win.cc(73)] ReadMemory at 0x4e1ea82220 of 1012 bytes failed: Запрос ReadProcessMemory или WriteProcessMemory был выполнен только частично. (0x12B)
[0402/233542.613:ERROR:process_memory_win.cc(73)] ReadMemory at 0x4e1ea82838 of 118 bytes failed: Запрос ReadProcessMemory или WriteProcessMemory был выполнен только частично. (0x12B)
[0402/233542.613:ERROR:process_memory_win.cc(73)] ReadMemory at 0x4e1ea828b0 of 966 bytes failed: Запрос ReadProcessMemory или WriteProcessMemory был выполнен только частично. (0x12B)
[0402/233542.613:ERROR:process_memory_win.cc(73)] ReadMemory at 0x4e1ea82c78 of 118 bytes failed: Запрос ReadProcessMemory или WriteProcessMemory был выполнен только частично. (0x12B)
[0402/233542.613:ERROR:process_memory_win.cc(73)] ReadMemory at 0x4e1ea82cf0 of 96 bytes failed: Запрос ReadProcessMemory или WriteProcessMemory был выполнен только частично. (0x12B)
[0402/233542.613:ERROR:process_memory_win.cc(73)] ReadMemory at 0x4e1ea82d60 of 58 bytes failed: Запрос ReadProcessMemory или WriteProcessMemory был выполнен только частично. (0x12B)
[0402/233542.613:ERROR:process_memory_win.cc(73)] ReadMemory at 0x4e1ea82e60 of 132 bytes failed: Запрос ReadProcessMemory или WriteProcessMemory был выполнен только частично. (0x12B)
[0402/233542.613:ERROR:process_memory_win.cc(73)] ReadMemory at 0x4e1ea82fe0 of 132 bytes failed: Запрос ReadProcessMemory или WriteProcessMemory был выполнен только частично. (0x12B)
[0402/233542.613:ERROR:process_memory_win.cc(73)] ReadMemory at 0x4e1ea831f0 of 124 bytes failed: Запрос ReadProcessMemory или WriteProcessMemory был выполнен только частично. (0x12B)
[0402/233542.613:ERROR:process_memory_win.cc(73)] ReadMemory at 0x4e1ea834e0 of 64 bytes failed: Запрос ReadProcessMemory или WriteProcessMemory был выполнен только частично. (0x12B)
[0402/233542.613:ERROR:process_memory_win.cc(73)] ReadMemory at 0x4e1ea83530 of 132 bytes failed: Запрос ReadProcessMemory или WriteProcessMemory был выполнен только частично. (0x12B)
[0402/233542.613:ERROR:process_memory_win.cc(73)] ReadMemory at 0x4e1ea838a0 of 68 bytes failed: Запрос ReadProcessMemory или WriteProcessMemory был выполнен только частично. (0x12B)
[0402/233542.613:ERROR:process_memory_win.cc(73)] ReadMemory at 0x4e1ea838f0 of 132 bytes failed: Запрос ReadProcessMemory или WriteProcessMemory был выполнен только частично. (0x12B)
[0402/233542.613:ERROR:process_memory_win.cc(73)] ReadMemory at 0x4e1ea846b0 of 152 bytes failed: Запрос ReadProcessMemory или WriteProcessMemory был выполнен только частично. (0x12B)
[0402/233542.614:ERROR:process_memory_win.cc(73)] ReadMemory at 0x4e1ea84760 of 132 bytes failed: Запрос ReadProcessMemory или WriteProcessMemory был выполнен только частично. (0x12B)
[0402/233542.614:ERROR:process_memory_win.cc(73)] ReadMemory at 0x4e1ea84880 of 62 bytes failed: Запрос ReadProcessMemory или WriteProcessMemory был выполнен только частично. (0x12B)
[0402/233542.614:ERROR:process_memory_win.cc(73)] ReadMemory at 0x4e1ea848d0 of 132 bytes failed: Запрос ReadProcessMemory или WriteProcessMemory был выполнен только частично. (0x12B)
[0402/233542.614:ERROR:process_memory_win.cc(73)] ReadMemory at 0x4e1ea84ae0 of 64 bytes failed: Запрос ReadProcessMemory или WriteProcessMemory был выполнен только частично. (0x12B)
[0402/233542.614:ERROR:process_memory_win.cc(73)] ReadMemory at 0x4e1ea84b30 of 132 bytes failed: Запрос ReadProcessMemory или WriteProcessMemory был выполнен только частично. (0x12B)
[0402/233542.614:ERROR:process_memory_win.cc(73)] ReadMemory at 0x4e1ea84d40 of 60 bytes failed: Запрос ReadProcessMemory или WriteProcessMemory был выполнен только частично. (0x12B)
[0402/233542.614:ERROR:process_memory_win.cc(73)] ReadMemory at 0x4e1ea84d90 of 132 bytes failed: Запрос ReadProcessMemory или WriteProcessMemory был выполнен только частично. (0x12B)
[0402/233542.614:ERROR:process_memory_win.cc(73)] ReadMemory at 0x4e1ea85070 of 62 bytes failed: Запрос ReadProcessMemory или WriteProcessMemory был выполнен только частично. (0x12B)
[0402/233542.614:ERROR:process_memory_win.cc(73)] ReadMemory at 0x4e1ea850c0 of 132 bytes failed: Запрос ReadProcessMemory или WriteProcessMemory был выполнен только частично. (0x12B)
[0402/233542.615:ERROR:process_memory_win.cc(73)] ReadMemory at 0x4e1ea851e0 of 132 bytes failed: Запрос ReadProcessMemory или WriteProcessMemory был выполнен только частично. (0x12B)
[0402/233542.615:ERROR:process_memory_win.cc(73)] ReadMemory at 0x4e1ea85700 of 132 bytes failed: Запрос ReadProcessMemory или WriteProcessMemory был выполнен только частично. (0x12B)
[0402/233542.615:ERROR:process_memory_win.cc(73)] ReadMemory at 0x4e1ea85850 of 62 bytes failed: Запрос ReadProcessMemory или WriteProcessMemory был выполнен только частично. (0x12B)
[0402/233542.615:ERROR:process_memory_win.cc(73)] ReadMemory at 0x4e1ea88fd0 of 132 bytes failed: Запрос ReadProcessMemory или WriteProcessMemory был выполнен только частично. (0x12B)
[0402/233542.615:ERROR:process_memory_win.cc(73)] ReadMemory at 0x4e1ea89c70 of 62 bytes failed: Запрос ReadProcessMemory или WriteProcessMemory был выполнен только частично. (0x12B)
[0402/233542.615:ERROR:process_memory_win.cc(73)] ReadMemory at 0x4e1ea89d10 of 62 bytes failed: Запрос ReadProcessMemory или WriteProcessMemory был выполнен только частично. (0x12B)
[0402/233542.615:ERROR:process_memory_win.cc(73)] ReadMemory at 0x4e1ea89d60 of 58 bytes failed: Запрос ReadProcessMemory или WriteProcessMemory был выполнен только частично. (0x12B)
[0402/233542.615:ERROR:process_memory_win.cc(73)] ReadMemory at 0x4e1ea89ef0 of 64 bytes failed: Запрос ReadProcessMemory или WriteProcessMemory был выполнен только частично. (0x12B)
[0402/233542.615:ERROR:process_memory_win.cc(73)] ReadMemory at 0x4e1ea89f40 of 60 bytes failed: Запрос ReadProcessMemory или WriteProcessMemory был выполнен только частично. (0x12B)
[0402/233542.615:ERROR:process_memory_win.cc(73)] ReadMemory at 0x4e1ea89f90 of 58 bytes failed: Запрос ReadProcessMemory или WriteProcessMemory был выполнен только частично. (0x12B)
[0402/233542.615:ERROR:process_memory_win.cc(73)] ReadMemory at 0x4e1ea8a080 of 62 bytes failed: Запрос ReadProcessMemory или WriteProcessMemory был выполнен только частично. (0x12B)
[0402/233542.615:ERROR:process_memory_win.cc(73)] ReadMemory at 0x4e1ea8a170 of 66 bytes failed: Запрос ReadProcessMemory или WriteProcessMemory был выполнен только частично. (0x12B)
[0402/233542.634:ERROR:process_memory_win.cc(73)] ReadMemory at 0x4e1ea8a260 of 60 bytes failed: Запрос ReadProcessMemory или WriteProcessMemory был выполнен только частично. (0x12B)
[0402/233542.634:ERROR:process_memory_win.cc(73)] ReadMemory at 0x4e1ea8a2b0 of 66 bytes failed: Запрос ReadProcessMemory или WriteProcessMemory был выполнен только частично. (0x12B)
[0402/233542.635:ERROR:process_memory_win.cc(73)] ReadMemory at 0x4e1ea8a300 of 58 bytes failed: Запрос ReadProcessMemory или WriteProcessMemory был выполнен только частично. (0x12B)
[0402/233542.635:ERROR:process_memory_win.cc(73)] ReadMemory at 0x4e1ea8a3a0 of 60 bytes failed: Запрос ReadProcessMemory или WriteProcessMemory был выполнен только частично. (0x12B)
[0402/233542.635:ERROR:process_memory_win.cc(73)] ReadMemory at 0x4e1ea8a430 of 132 bytes failed: Запрос ReadProcessMemory или WriteProcessMemory был выполнен только частично. (0x12B)
[0402/233542.635:ERROR:process_memory_win.cc(73)] ReadMemory at 0x4e1ea8a550 of 132 bytes failed: Запрос ReadProcessMemory или WriteProcessMemory был выполнен только частично. (0x12B)
[0402/233542.635:ERROR:process_memory_win.cc(73)] ReadMemory at 0x4e1ea8a6a0 of 132 bytes failed: Запрос ReadProcessMemory или WriteProcessMemory был выполнен только частично. (0x12B)
[0402/233542.635:ERROR:process_memory_win.cc(73)] ReadMemory at 0x4e1ea8acc0 of 132 bytes failed: Запрос ReadProcessMemory или WriteProcessMemory был выполнен только частично. (0x12B)
[0402/233542.635:ERROR:process_memory_win.cc(73)] ReadMemory at 0x4e1ea8ade0 of 132 bytes failed: Запрос ReadProcessMemory или WriteProcessMemory был выполнен только частично. (0x12B)
[0402/233542.635:ERROR:process_memory_win.cc(73)] ReadMemory at 0x4e1ea8af00 of 156 bytes failed: Запрос ReadProcessMemory или WriteProcessMemory был выполнен только частично. (0x12B)
[0402/233542.636:ERROR:process_memory_win.cc(73)] ReadMemory at 0x4e1ea8b2c0 of 132 bytes failed: Запрос ReadProcessMemory или WriteProcessMemory был выполнен только частично. (0x12B)
[0402/233542.636:ERROR:process_memory_win.cc(73)] ReadMemory at 0x4e1ea8b3e0 of 132 bytes failed: Запрос ReadProcessMemory или WriteProcessMemory был выполнен только частично. (0x12B)
[0402/233542.636:ERROR:process_memory_win.cc(73)] ReadMemory at 0x4e1ea8b500 of 132 bytes failed: Запрос ReadProcessMemory или WriteProcessMemory был выполнен только частично. (0x12B)
[0402/233542.636:ERROR:process_memory_win.cc(73)] ReadMemory at 0x4e1ea8b620 of 132 bytes failed: Запрос ReadProcessMemory или WriteProcessMemory был выполнен только частично. (0x12B)
[0402/233542.636:ERROR:process_memory_win.cc(73)] ReadMemory at 0x4e1ea8b740 of 132 bytes failed: Запрос ReadProcessMemory или WriteProcessMemory был выполнен только частично. (0x12B)
[0402/233542.636:ERROR:process_memory_win.cc(73)] ReadMemory at 0x4e1ea8b860 of 132 bytes failed: Запрос ReadProcessMemory или WriteProcessMemory был выполнен только частично. (0x12B)
[0402/233542.636:ERROR:process_memory_win.cc(73)] ReadMemory at 0x4e1ea8b980 of 132 bytes failed: Запрос ReadProcessMemory или WriteProcessMemory был выполнен только частично. (0x12B)
[0402/233542.636:ERROR:process_memory_win.cc(73)] ReadMemory at 0x4e1ea8baa0 of 132 bytes failed: Запрос ReadProcessMemory или WriteProcessMemory был выполнен только частично. (0x12B)
[0402/233542.636:ERROR:process_memory_win.cc(73)] ReadMemory at 0x4e1ea8bbc0 of 132 bytes failed: Запрос ReadProcessMemory или WriteProcessMemory был выполнен только частично. (0x12B)
[0402/233542.636:ERROR:process_memory_win.cc(73)] ReadMemory at 0x4e1ea8be00 of 132 bytes failed: Запрос ReadProcessMemory или WriteProcessMemory был выполнен только частично. (0x12B)
[0402/233542.637:ERROR:process_memory_win.cc(73)] ReadMemory at 0x4e1ea8bf20 of 132 bytes failed: Запрос ReadProcessMemory или WriteProcessMemory был выполнен только частично. (0x12B)
[0402/233542.637:ERROR:process_memory_win.cc(73)] ReadMemory at 0x4e1ea8c040 of 132 bytes failed: Запрос ReadProcessMemory или WriteProcessMemory был выполнен только частично. (0x12B)
[0402/233542.637:ERROR:process_memory_win.cc(73)] ReadMemory at 0x4e1ea8d520 of 80 bytes failed: Запрос ReadProcessMemory или WriteProcessMemory был выполнен только частично. (0x12B)
[0402/233542.637:ERROR:process_memory_win.cc(73)] ReadMemory at 0x4e1ea8ff40 of 60 bytes failed: Запрос ReadProcessMemory или WriteProcessMemory был выполнен только частично. (0x12B)
[0402/233542.637:ERROR:process_memory_win.cc(73)] ReadMemory at 0x4e1ea90030 of 64 bytes failed: Запрос ReadProcessMemory или WriteProcessMemory был выполнен только частично. (0x12B)
[0402/233542.637:ERROR:process_memory_win.cc(73)] ReadMemory at 0x4e1ea900d0 of 64 bytes failed: Запрос ReadProcessMemory или WriteProcessMemory был выполнен только частично. (0x12B)
[0402/233542.654:ERROR:process_memory_win.cc(73)] ReadMemory at 0x4e1ea90120 of 56 bytes failed: Запрос ReadProcessMemory или WriteProcessMemory был выполнен только частично. (0x12B)
[0402/233542.654:ERROR:process_memory_win.cc(73)] ReadMemory at 0x4e1ea90170 of 62 bytes failed: Запрос ReadProcessMemory или WriteProcessMemory был выполнен только частично. (0x12B)
[0402/233542.654:ERROR:process_memory_win.cc(73)] ReadMemory at 0x4e1ea90210 of 58 bytes failed: Запрос ReadProcessMemory или WriteProcessMemory был выполнен только частично. (0x12B)
[0402/233542.655:ERROR:process_memory_win.cc(73)] ReadMemory at 0x4e1ea90350 of 64 bytes failed: Запрос ReadProcessMemory или WriteProcessMemory был выполнен только частично. (0x12B)
[0402/233542.655:ERROR:process_memory_win.cc(73)] ReadMemory at 0x4e1ea903a0 of 60 bytes failed: Запрос ReadProcessMemory или WriteProcessMemory был выполнен только частично. (0x12B)
[0402/233542.655:ERROR:process_memory_win.cc(73)] ReadMemory at 0x4e1ea90440 of 62 bytes failed: Запрос ReadProcessMemory или WriteProcessMemory был выполнен только частично. (0x12B)
[0402/233542.655:ERROR:process_memory_win.cc(73)] ReadMemory at 0x4e1ea90490 of 62 bytes failed: Запрос ReadProcessMemory или WriteProcessMemory был выполнен только частично. (0x12B)
[0402/233542.655:ERROR:process_memory_win.cc(73)] ReadMemory at 0x4e1ea90530 of 60 bytes failed: Запрос ReadProcessMemory или WriteProcessMemory был выполнен только частично. (0x12B)
[0402/233542.655:ERROR:process_memory_win.cc(73)] ReadMemory at 0x4e1ea90580 of 64 bytes failed: Запрос ReadProcessMemory или WriteProcessMemory был выполнен только частично. (0x12B)
[0402/233542.655:ERROR:process_memory_win.cc(73)] ReadMemory at 0x4e1ea905d0 of 64 bytes failed: Запрос ReadProcessMemory или WriteProcessMemory был выполнен только частично. (0x12B)
[0402/233542.655:ERROR:process_memory_win.cc(73)] ReadMemory at 0x4e1ea906c0 of 60 bytes failed: Запрос ReadProcessMemory или WriteProcessMemory был выполнен только частично. (0x12B)
[0402/233542.655:ERROR:process_memory_win.cc(73)] ReadMemory at 0x4e1ea90760 of 60 bytes failed: Запрос ReadProcessMemory или WriteProcessMemory был выполнен только частично. (0x12B)
[0402/233542.655:ERROR:process_memory_win.cc(73)] ReadMemory at 0x4e1ea90940 of 60 bytes failed: Запрос ReadProcessMemory или WriteProcessMemory был выполнен только частично. (0x12B)
[0402/233542.655:ERROR:process_memory_win.cc(73)] ReadMemory at 0x4e1ea90b20 of 62 bytes failed: Запрос ReadProcessMemory или WriteProcessMemory был выполнен только частично. (0x12B)
[0402/233542.655:ERROR:process_memory_win.cc(73)] ReadMemory at 0x4e1ea90c10 of 60 bytes failed: Запрос ReadProcessMemory или WriteProcessMemory был выполнен только частично. (0x12B)
[0402/233542.656:ERROR:process_memory_win.cc(73)] ReadMemory at 0x4e1ea90c60 of 64 bytes failed: Запрос ReadProcessMemory или WriteProcessMemory был выполнен только частично. (0x12B)
[0402/233542.656:ERROR:process_memory_win.cc(73)] ReadMemory at 0x4e1ea90cb0 of 64 bytes failed: Запрос ReadProcessMemory или WriteProcessMemory был выполнен только частично. (0x12B)
[0402/233542.656:ERROR:process_memory_win.cc(73)] ReadMemory at 0x4e1ea90d50 of 58 bytes failed: Запрос ReadProcessMemory или WriteProcessMemory был выполнен только частично. (0x12B)
[0402/233542.656:ERROR:process_memory_win.cc(73)] ReadMemory at 0x4e1ea90da0 of 62 bytes failed: Запрос ReadProcessMemory или WriteProcessMemory был выполнен только частично. (0x12B)
[0402/233542.656:ERROR:process_memory_win.cc(73)] ReadMemory at 0x4e1ea90df0 of 62 bytes failed: Запрос ReadProcessMemory или WriteProcessMemory был выполнен только частично. (0x12B)
[0402/233542.656:ERROR:process_memory_win.cc(73)] ReadMemory at 0x4e1ea95f50 of 248 bytes failed: Запрос ReadProcessMemory или WriteProcessMemory был выполнен только частично. (0x12B)
[0402/233542.656:ERROR:process_memory_win.cc(73)] ReadMemory at 0x4e1ea98d00 of 54 bytes failed: Запрос ReadProcessMemory или WriteProcessMemory был выполнен только частично. (0x12B)
[0402/233542.656:ERROR:process_memory_win.cc(73)] ReadMemory at 0x4e1ea998f0 of 132 bytes failed: Запрос ReadProcessMemory или WriteProcessMemory был выполнен только частично. (0x12B)
[0402/233542.656:ERROR:process_memory_win.cc(73)] ReadMemory at 0x4e1ea99a10 of 132 bytes failed: Запрос ReadProcessMemory или WriteProcessMemory был выполнен только частично. (0x12B)
[0402/233542.656:ERROR:process_memory_win.cc(73)] ReadMemory at 0x4e1ea99b30 of 132 bytes failed: Запрос ReadProcessMemory или WriteProcessMemory был выполнен только частично. (0x12B)
[0402/233542.656:ERROR:process_memory_win.cc(73)] ReadMemory at 0x4e1ea99c50 of 132 bytes failed: Запрос ReadProcessMemory или WriteProcessMemory был выполнен только частично. (0x12B)
[0402/233542.657:ERROR:process_memory_win.cc(73)] ReadMemory at 0x4e1ea99d70 of 132 bytes failed: Запрос ReadProcessMemory или WriteProcessMemory был выполнен только частично. (0x12B)
[0402/233542.657:ERROR:process_memory_win.cc(73)] ReadMemory at 0x4e1ea99e90 of 132 bytes failed: Запрос ReadProcessMemory или WriteProcessMemory был выполнен только частично. (0x12B)
[0402/233542.657:ERROR:process_memory_win.cc(73)] ReadMemory at 0x4e1ea99fb0 of 132 bytes failed: Запрос ReadProcessMemory или WriteProcessMemory был выполнен только частично. (0x12B)
[0402/233542.657:ERROR:process_memory_win.cc(73)] ReadMemory at 0x4e1ea9a1f0 of 132 bytes failed: Запрос ReadProcessMemory или WriteProcessMemory был выполнен только частично. (0x12B)
[0402/233542.657:ERROR:process_memory_win.cc(73)] ReadMemory at 0x4e1ea9a310 of 132 bytes failed: Запрос ReadProcessMemory или WriteProcessMemory был выполнен только частично. (0x12B)
[0402/233542.657:ERROR:process_memory_win.cc(73)] ReadMemory at 0x4e1ea9a670 of 132 bytes failed: Запрос ReadProcessMemory или WriteProcessMemory был выполнен только частично. (0x12B)
[0402/233542.657:ERROR:process_memory_win.cc(73)] ReadMemory at 0x4e1ea9a790 of 132 bytes failed: Запрос ReadProcessMemory или WriteProcessMemory был выполнен только частично. (0x12B)
[0402/233542.657:ERROR:process_memory_win.cc(73)] ReadMemory at 0x4e1ea9a9d0 of 132 bytes failed: Запрос ReadProcessMemory или WriteProcessMemory был выполнен только частично. (0x12B)
[0402/233542.657:ERROR:process_memory_win.cc(73)] ReadMemory at 0x4e1ea9aaf0 of 132 bytes failed: Запрос ReadProcessMemory или WriteProcessMemory был выполнен только частично. (0x12B)
[0402/233542.657:ERROR:process_memory_win.cc(73)] ReadMemory at 0x4e1ea9ac10 of 132 bytes failed: Запрос ReadProcessMemory или WriteProcessMemory был выполнен только частично. (0x12B)
[0402/233542.657:ERROR:process_memory_win.cc(73)] ReadMemory at 0x4e1ea9ad30 of 132 bytes failed: Запрос ReadProcessMemory или WriteProcessMemory был выполнен только частично. (0x12B)
[0402/233542.657:ERROR:process_memory_win.cc(73)] ReadMemory at 0x4e1ea9ae50 of 132 bytes failed: Запрос ReadProcessMemory или WriteProcessMemory был выполнен только частично. (0x12B)
[0402/233542.658:ERROR:process_memory_win.cc(73)] ReadMemory at 0x4e1ea9af70 of 132 bytes failed: Запрос ReadProcessMemory или WriteProcessMemory был выполнен только частично. (0x12B)
[0402/233542.658:ERROR:process_memory_win.cc(73)] ReadMemory at 0x4e1ea9b090 of 132 bytes failed: Запрос ReadProcessMemory или WriteProcessMemory был выполнен только частично. (0x12B)
[0402/233542.658:ERROR:process_memory_win.cc(73)] ReadMemory at 0x4e1ea9b1b0 of 132 bytes failed: Запрос ReadProcessMemory или WriteProcessMemory был выполнен только частично. (0x12B)
[0402/233542.658:ERROR:process_memory_win.cc(73)] ReadMemory at 0x4e1ea9b2d0 of 132 bytes failed: Запрос ReadProcessMemory или WriteProcessMemory был выполнен только частично. (0x12B)
[0402/233542.658:ERROR:process_memory_win.cc(73)] ReadMemory at 0x4e1ea9b3f0 of 132 bytes failed: Запрос ReadProcessMemory или WriteProcessMemory был выполнен только частично. (0x12B)
[0402/233542.658:ERROR:process_memory_win.cc(73)] ReadMemory at 0x4e1ea9b510 of 132 bytes failed: Запрос ReadProcessMemory или WriteProcessMemory был выполнен только частично. (0x12B)
[0402/233542.658:ERROR:process_memory_win.cc(73)] ReadMemory at 0x4e1eaa2090 of 512 bytes failed: Запрос ReadProcessMemory или WriteProcessMemory был выполнен только частично. (0x12B)
[0402/233542.678:ERROR:process_memory_win.cc(73)] ReadMemory at 0x4e1eaa8800 of 512 bytes failed: Запрос ReadProcessMemory или WriteProcessMemory был выполнен только частично. (0x12B)
[0402/233542.678:ERROR:process_memory_win.cc(73)] ReadMemory at 0x4e1ec20000 of 384 bytes failed: Запрос ReadProcessMemory или WriteProcessMemory был выполнен только частично. (0x12B)
[0402/233542.678:ERROR:process_memory_win.cc(73)] ReadMemory at 0x4e1ec20234 of 512 bytes failed: Запрос ReadProcessMemory или WriteProcessMemory был выполнен только частично. (0x12B)
[0402/233542.678:ERROR:process_memory_win.cc(73)] ReadMemory at 0x4e1ec20c40 of 512 bytes failed: Запрос ReadProcessMemory или WriteProcessMemory был выполнен только частично. (0x12B)
[0402/233542.678:ERROR:process_memory_win.cc(73)] ReadMemory at 0x4e1ec21060 of 512 bytes failed: Запрос ReadProcessMemory или WriteProcessMemory был выполнен только частично. (0x12B)
[0402/233542.678:ERROR:process_memory_win.cc(73)] ReadMemory at 0x4e1f1d6b80 of 512 bytes failed: Запрос ReadProcessMemory или WriteProcessMemory был выполнен только частично. (0x12B)
[0402/233542.678:ERROR:process_memory_win.cc(73)] ReadMemory at 0x4e1f1d74c8 of 512 bytes failed: Запрос ReadProcessMemory или WriteProcessMemory был выполнен только частично. (0x12B)
[0402/233542.678:ERROR:process_memory_win.cc(73)] ReadMemory at 0x4e1f1db800 of 888 bytes failed: Запрос ReadProcessMemory или WriteProcessMemory был выполнен только частично. (0x12B)
[0402/233542.678:ERROR:process_memory_win.cc(73)] ReadMemory at 0x4e1f1dc0d0 of 512 bytes failed: Запрос ReadProcessMemory или WriteProcessMemory был выполнен только частично. (0x12B)
[0402/233542.679:ERROR:process_memory_win.cc(73)] ReadMemory at 0x4e1f1de320 of 512 bytes failed: Запрос ReadProcessMemory или WriteProcessMemory был выполнен только частично. (0x12B)
[0402/233542.679:ERROR:process_memory_win.cc(73)] ReadMemory at 0x4e1f1ebf20 of 592 bytes failed: Запрос ReadProcessMemory или WriteProcessMemory был выполнен только частично. (0x12B)
[0402/233542.679:ERROR:process_memory_win.cc(73)] ReadMemory at 0x4e1f1ee190 of 696 bytes failed: Запрос ReadProcessMemory или WriteProcessMemory был выполнен только частично. (0x12B)
[0402/233542.679:ERROR:process_memory_win.cc(73)] ReadMemory at 0x4e1f1ee780 of 512 bytes failed: Запрос ReadProcessMemory или WriteProcessMemory был выполнен только частично. (0x12B)
[0402/233542.679:ERROR:process_memory_win.cc(73)] ReadMemory at 0x4e21e0b400 of 512 bytes failed: Запрос ReadProcessMemory или WriteProcessMemory был выполнен только частично. (0x12B)
[0402/233542.679:ERROR:process_memory_win.cc(73)] ReadMemory at 0x4e21e21a30 of 512 bytes failed: Запрос ReadProcessMemory или WriteProcessMemory был выполнен только частично. (0x12B)
[0402/233542.679:ERROR:process_memory_win.cc(73)] ReadMemory at 0x4e21f4b688 of 512 bytes failed: Запрос ReadProcessMemory или WriteProcessMemory был выполнен только частично. (0x12B)
[0402/233542.690:ERROR:process_memory_win.cc(73)] ReadMemory at 0x4e226c10f0 of 512 bytes failed: Запрос ReadProcessMemory или WriteProcessMemory был выполнен только частично. (0x12B)
[0402/233542.690:ERROR:process_memory_win.cc(73)] ReadMemory at 0x4e22728440 of 512 bytes failed: Запрос ReadProcessMemory или WriteProcessMemory был выполнен только частично. (0x12B)
[0402/233542.690:ERROR:process_memory_win.cc(73)] ReadMemory at 0x4e22982270 of 512 bytes failed: Запрос ReadProcessMemory или WriteProcessMemory был выполнен только частично. (0x12B)
[0402/233542.690:ERROR:process_memory_win.cc(73)] ReadMemory at 0x4e2b8b0fa0 of 512 bytes failed: Запрос ReadProcessMemory или WriteProcessMemory был выполнен только частично. (0x12B)
[0402/233542.690:ERROR:process_memory_win.cc(73)] ReadMemory at 0x4e2f6b5fa0 of 512 bytes failed: Запрос ReadProcessMemory или WriteProcessMemory был выполнен только частично. (0x12B)
[0402/233542.690:ERROR:process_memory_win.cc(73)] ReadMemory at 0x4e38a4db80 of 512 bytes failed: Запрос ReadProcessMemory или WriteProcessMemory был выполнен только частично. (0x12B)
[0402/233542.691:ERROR:process_memory_win.cc(73)] ReadMemory at 0x4e3be50540 of 512 bytes failed: Запрос ReadProcessMemory или WriteProcessMemory был выполнен только частично. (0x12B)
[0402/233542.691:ERROR:process_memory_win.cc(73)] ReadMemory at 0x1c8efab9f330 of 512 bytes failed: Запрос ReadProcessMemory или WriteProcessMemory был выполнен только частично. (0x12B)
[0402/233542.691:ERROR:process_memory_win.cc(73)] ReadMemory at 0x4c18bca59f80 of 512 bytes failed: Запрос ReadProcessMemory или WriteProcessMemory был выполнен только частично. (0x12B)
[0402/233542.691:ERROR:process_memory_win.cc(73)] ReadMemory at 0x7ff64458e000 of 6024 bytes failed: Запрос ReadProcessMemory или WriteProcessMemory был выполнен только частично. (0x12B)
[0402/233542.691:ERROR:process_memory_win.cc(73)] ReadMemory at 0x7ff644590000 of 6024 bytes failed: Запрос ReadProcessMemory или WriteProcessMemory был выполнен только частично. (0x12B)
[0402/233542.691:ERROR:process_memory_win.cc(73)] ReadMemory at 0x7ff644592000 of 6024 bytes failed: Запрос ReadProcessMemory или WriteProcessMemory был выполнен только частично. (0x12B)
[0402/233542.691:ERROR:process_memory_win.cc(73)] ReadMemory at 0x7ff644594000 of 6024 bytes failed: Запрос ReadProcessMemory или WriteProcessMemory был выполнен только частично. (0x12B)
[0402/233542.691:ERROR:process_memory_win.cc(73)] ReadMemory at 0x7ff644596000 of 6024 bytes failed: Запрос ReadProcessMemory или WriteProcessMemory был выполнен только частично. (0x12B)
[0402/233542.691:ERROR:process_memory_win.cc(73)] ReadMemory at 0x7ff644598000 of 6024 bytes failed: Запрос ReadProcessMemory или WriteProcessMemory был выполнен только частично. (0x12B)
[0402/233542.691:ERROR:process_memory_win.cc(73)] ReadMemory at 0x7ff64459a000 of 6024 bytes failed: Запрос ReadProcessMemory или WriteProcessMemory был выполнен только частично. (0x12B)
[0402/233542.692:ERROR:process_memory_win.cc(73)] ReadMemory at 0x7ff64459c000 of 6024 bytes failed: Запрос ReadProcessMemory или WriteProcessMemory был выполнен только частично. (0x12B)
[0402/233542.692:ERROR:process_memory_win.cc(73)] ReadMemory at 0x7ff64459e000 of 6024 bytes failed: Запрос ReadProcessMemory или WriteProcessMemory был выполнен только частично. (0x12B)
[0402/233542.692:ERROR:process_memory_win.cc(73)] ReadMemory at 0x7ff6446c4000 of 6024 bytes failed: Запрос ReadProcessMemory или WriteProcessMemory был выполнен только частично. (0x12B)
[0402/233542.692:ERROR:process_memory_win.cc(73)] ReadMemory at 0x7ff6446c6000 of 6024 bytes failed: Запрос ReadProcessMemory или WriteProcessMemory был выполнен только частично. (0x12B)
[0402/233542.692:ERROR:process_memory_win.cc(73)] ReadMemory at 0x7ff6446c8000 of 852 bytes failed: Запрос ReadProcessMemory или WriteProcessMemory был выполнен только частично. (0x12B)
[0402/233542.692:ERROR:process_memory_win.cc(73)] ReadMemory at 0x7ff6446ca000 of 6024 bytes failed: Запрос ReadProcessMemory или WriteProcessMemory был выполнен только частично. (0x12B)
[0402/233542.692:ERROR:process_memory_win.cc(73)] ReadMemory at 0x7ff6446cc000 of 6024 bytes failed: Запрос ReadProcessMemory или WriteProcessMemory был выполнен только частично. (0x12B)
[0402/233542.692:ERROR:process_memory_win.cc(73)] ReadMemory at 0x7ff6446cdf80 of 6152 bytes failed: Запрос ReadProcessMemory или WriteProcessMemory был выполнен только частично. (0x12B)
[0402/233542.692:ERROR:process_memory_win.cc(73)] ReadMemory at 0x7ff9ee725b86 of 512 bytes failed: Запрос ReadProcessMemory или WriteProcessMemory был выполнен только частично. (0x12B)
[0402/233542.692:ERROR:process_memory_win.cc(73)] ReadMemory at 0x7ff9f07e7fc0 of 512 bytes failed: Запрос ReadProcessMemory или WriteProcessMemory был выполнен только частично. (0x12B)
[0402/233542.693:ERROR:process_memory_win.cc(73)] ReadMemory at 0x7ff9f334ca10 of 512 bytes failed: Запрос ReadProcessMemory или WriteProcessMemory был выполнен только частично. (0x12B)
[0402/233542.693:ERROR:process_memory_win.cc(73)] ReadMemory at 0x7ff9fa35e6ee of 512 bytes failed: Запрос ReadProcessMemory или WriteProcessMemory был выполнен только частично. (0x12B)
[0402/233542.693:ERROR:process_memory_win.cc(73)] ReadMemory at 0x7ff9fa35f823 of 512 bytes failed: Запрос ReadProcessMemory или WriteProcessMemory был выполнен только частично. (0x12B)
[0402/233542.693:ERROR:process_memory_win.cc(73)] ReadMemory at 0x7ffa33490fb0 of 512 bytes failed: Запрос ReadProcessMemory или WriteProcessMemory был выполнен только частично. (0x12B)
[0402/233542.693:ERROR:process_memory_win.cc(73)] ReadMemory at 0x7ffa33d694e0 of 18 bytes failed: Запрос ReadProcessMemory или WriteProcessMemory был выполнен только частично. (0x12B)
[0402/233542.693:ERROR:process_memory_win.cc(73)] ReadMemory at 0x7ffa33d85cf0 of 512 bytes failed: Запрос ReadProcessMemory или WriteProcessMemory был выполнен только частично. (0x12B)
[0402/233542.693:ERROR:process_memory_win.cc(73)] ReadMemory at 0x7ffa33d8b972 of 512 bytes failed: Запрос ReadProcessMemory или WriteProcessMemory был выполнен только частично. (0x12B)
[0402/233542.693:ERROR:process_memory_win.cc(73)] ReadMemory at 0x7ffa33d95660 of 512 bytes failed: Запрос ReadProcessMemory или WriteProcessMemory был выполнен только частично. (0x12B)
[0402/233542.693:ERROR:process_memory_win.cc(73)] ReadMemory at 0x7ffa33d95cf0 of 512 bytes failed: Запрос ReadProcessMemory или WriteProcessMemory был выполнен только частично. (0x12B)
[0402/233542.693:ERROR:process_memory_win.cc(73)] ReadMemory at 0x7ffa33df0c0a of 592 bytes failed: Запрос ReadProcessMemory или WriteProcessMemory был выполнен только частично. (0x12B)
[0402/233542.693:ERROR:process_memory_win.cc(73)] ReadMemory at 0x7ffa33df268a of 560 bytes failed: Запрос ReadProcessMemory или WriteProcessMemory был выполнен только частично. (0x12B)
[0402/233542.693:ERROR:process_memory_win.cc(73)] ReadMemory at 0x7ffa33e8d8a8 of 40 bytes failed: Запрос ReadProcessMemory или WriteProcessMemory был выполнен только частично. (0x12B)
[0402/233542.693:ERROR:process_memory_win.cc(73)] ReadMemory at 0x7ffa33e8dbe8 of 48 bytes failed: Запрос ReadProcessMemory или WriteProcessMemory был выполнен только частично. (0x12B)
[0402/233542.694:ERROR:process_memory_win.cc(73)] ReadMemory at 0x7ffa33e90320 of 64 bytes failed: Запрос ReadProcessMemory или WriteProcessMemory был выполнен только частично. (0x12B)
[0402/233542.715:ERROR:scoped_process_suspend.cc(40)] NtResumeProcess: Попытка доступа к процессу, выполняющему процедуру завершения. (0xc000010a)
